Using pre-set license
Built from '2020.3/release' branch; Version is '2020.3.1f1 (77a89f25062f) revision 7841951'; Using compiler version '192528614'; Build Type 'Release'
OS: 'Windows 10 Pro; OS build 19042.906; Version 2009; 64bit' Language: 'pt' Physical Memory: 8067 MB
BatchMode: 1, IsHumanControllingUs: 0, StartBugReporterOnCrash: 0, Is64bit: 1, IsPro: 0

 COMMAND LINE ARGUMENTS:
C:\Program Files\UnityLTS202031\Editor\Unity.exe
-adb2
-batchMode
-noUpm
-name
AssetImportWorker0
-projectPath
C:/Users/gh818/Desktop/Projetos GitHub/LOTR-console-ai-game/LOTR-GameProject
-logFile
Logs/AssetImportWorker0.log
-srvPort
56142
Successfully changed project path to: C:/Users/gh818/Desktop/Projetos GitHub/LOTR-console-ai-game/LOTR-GameProject
C:/Users/gh818/Desktop/Projetos GitHub/LOTR-console-ai-game/LOTR-GameProject
Using Asset Import Pipeline V2.
Refreshing native plugins compatible for Editor in 46.88 ms, found 0 plugins.
Preloading 0 native plugins for Editor in 0.00 ms.
Initialize engine version: 2020.3.1f1 (77a89f25062f)
[Subsystems] Discovering subsystems at path C:/Program Files/UnityLTS202031/Editor/Data/Resources/UnitySubsystems
[Subsystems] Discovering subsystems at path C:/Users/gh818/Desktop/Projetos GitHub/LOTR-console-ai-game/LOTR-GameProject/Assets
GfxDevice: creating device client; threaded=0
Direct3D:
    Version:  Direct3D 11.0 [level 11.0]
    Renderer: NVIDIA GeForce 940MX (ID=0x134d)
    Vendor:   
    VRAM:     2010 MB
    Driver:   27.21.14.6611
Initialize mono
Mono path[0] = 'C:/Program Files/UnityLTS202031/Editor/Data/Managed'
Mono path[1] = 'C:/Program Files/UnityLTS202031/Editor/Data/MonoBleedingEdge/lib/mono/unityjit'
Mono config path = 'C:/Program Files/UnityLTS202031/Editor/Data/MonoBleedingEdge/etc'
Using monoOptions --debugger-agent=transport=dt_socket,embedding=1,server=y,suspend=n,address=127.0.0.1:56224
Begin MonoManager ReloadAssembly
Registering precompiled unity dll's ...
Register platform support module: C:/Program Files/UnityLTS202031/Editor/Data/PlaybackEngines/WebGLSupport/UnityEditor.WebGL.Extensions.dll
Register platform support module: C:/Program Files/UnityLTS202031/Editor/Data/PlaybackEngines/MacStandaloneSupport/UnityEditor.OSXStandalone.Extensions.dll
Register platform support module: C:/Program Files/UnityLTS202031/Editor/Data/PlaybackEngines/WindowsStandaloneSupport/UnityEditor.WindowsStandalone.Extensions.dll
Register platform support module: C:/Program Files/UnityLTS202031/Editor/Data/PlaybackEngines/LinuxStandaloneSupport/UnityEditor.LinuxStandalone.Extensions.dll
Registered in 0.004511 seconds.
Native extension for LinuxStandalone target not found
Native extension for WindowsStandalone target not found
Native extension for OSXStandalone target not found
Native extension for WebGL target not found
Refreshing native plugins compatible for Editor in 59.76 ms, found 0 plugins.
Preloading 0 native plugins for Editor in 0.00 ms.
Invoked RoslynAnalysisRunner static constructor.
RoslynAnalysisRunner will not be running.
RoslynAnalysisRunner has terminated.
Mono: successfully reloaded assembly
- Completed reload, in  1.522 seconds
Platform modules already initialized, skipping
Registering precompiled user dll's ...
Registered in 0.001308 seconds.
Begin MonoManager ReloadAssembly
Native extension for LinuxStandalone target not found
Native extension for WindowsStandalone target not found
Native extension for OSXStandalone target not found
Native extension for WebGL target not found
Refreshing native plugins compatible for Editor in 0.35 ms, found 0 plugins.
Preloading 0 native plugins for Editor in 0.00 ms.
Invoked RoslynAnalysisRunner static constructor.
RoslynAnalysisRunner will not be running.
RoslynAnalysisRunner has terminated.
Mono: successfully reloaded assembly
- Completed reload, in  1.253 seconds
Platform modules already initialized, skipping
========================================================================
Worker process is ready to serve import requests
Launched and connected shader compiler UnityShaderCompiler.exe after 0.06 seconds
Refreshing native plugins compatible for Editor in 0.61 ms, found 0 plugins.
Preloading 0 native plugins for Editor in 0.00 ms.
Unloading 1802 Unused Serialized files (Serialized files now loaded: 0)
System memory in use before: 89.4 MB.
System memory in use after: 89.4 MB.

Unloading 108 unused Assets to reduce memory usage. Loaded Objects now: 2237.
Total: 3.886000 ms (FindLiveObjects: 0.310200 ms CreateObjectMapping: 0.115400 ms MarkObjects: 3.171400 ms  DeleteObjects: 0.287200 ms)

========================================================================
Received Import Request.
  path: Assets/Scenes
  artifactKey: Guid(1df14d83221ce2549ba3aa5d0718979f) Importer(815301076,1909f56bfc062723c751e8b465ee728b)
Start importing Assets/Scenes using Guid(1df14d83221ce2549ba3aa5d0718979f) Importer(815301076,1909f56bfc062723c751e8b465ee728b)  -> (artifact id: '76de2547005a50a036040da179f5b547') in 0.016834 seconds
  Import took 0.022030 seconds .

========================================================================
Received Import Request.
  Time since last request: 1.806083 seconds.
  path: Assets/Scenes/Scene_Level3.unity
  artifactKey: Guid(d20cd98c928f2f8469f13de9a80c9f92) Importer(815301076,1909f56bfc062723c751e8b465ee728b)
Start importing Assets/Scenes/Scene_Level3.unity using Guid(d20cd98c928f2f8469f13de9a80c9f92) Importer(815301076,1909f56bfc062723c751e8b465ee728b)  -> (artifact id: 'dfcb29b7293a180bf4a509c63d5183a7') in 0.019706 seconds
  Import took 0.025947 seconds .

========================================================================
Received Import Request.
  Time since last request: 97.459651 seconds.
  path: Assets/Scenes/Scene_CharactersImplementation.unity
  artifactKey: Guid(9fc0d4010bbf28b4594072e72b8655ab) Importer(815301076,1909f56bfc062723c751e8b465ee728b)
Start importing Assets/Scenes/Scene_CharactersImplementation.unity using Guid(9fc0d4010bbf28b4594072e72b8655ab) Importer(815301076,1909f56bfc062723c751e8b465ee728b)  -> (artifact id: '5f56df703608ca29b961bd9170e4d956') in 0.009758 seconds
  Import took 0.014416 seconds .

========================================================================
Received Import Request.
  Time since last request: 0.002798 seconds.
  path: Assets/Scenes/Scene_CharactersImplementation.unity
  artifactKey: Guid(9fc0d4010bbf28b4594072e72b8655ab) Importer(815301076,1909f56bfc062723c751e8b465ee728b)
Start importing Assets/Scenes/Scene_CharactersImplementation.unity using Guid(9fc0d4010bbf28b4594072e72b8655ab) Importer(815301076,1909f56bfc062723c751e8b465ee728b)  -> (artifact id: '5f56df703608ca29b961bd9170e4d956') in 0.022388 seconds
  Import took 0.026566 seconds .

========================================================================
Received Prepare
Registering precompiled user dll's ...
Registered in 0.002609 seconds.
Begin MonoManager ReloadAssembly
Native extension for LinuxStandalone target not found
Native extension for WindowsStandalone target not found
Native extension for OSXStandalone target not found
Native extension for WebGL target not found
Refreshing native plugins compatible for Editor in 0.35 ms, found 0 plugins.
Preloading 0 native plugins for Editor in 0.00 ms.
Warning: Annotation not found!
UnityEngine.StackTraceUtility:ExtractStackTrace ()
UnityEditor.ProBuilder.EditorUtility:SetGizmoIconEnabled (System.Type,bool) (at Library/PackageCache/com.unity.probuilder@4.5.0/Editor/EditorCore/EditorUtility.cs:593)
UnityEditor.ProBuilder.HierarchyListener:.cctor () (at Library/PackageCache/com.unity.probuilder@4.5.0/Editor/EditorCore/HierarchyListener.cs:21)
System.Runtime.CompilerServices.RuntimeHelpers:RunClassConstructor (System.RuntimeTypeHandle)
UnityEditor.EditorAssemblies:ProcessInitializeOnLoadAttributes (System.Type[])

[Library/PackageCache/com.unity.probuilder@4.5.0/Editor/EditorCore/EditorUtility.cs line 593]

Invoked RoslynAnalysisRunner static constructor.
RoslynAnalysisRunner will not be running.
RoslynAnalysisRunner has terminated.
Mono: successfully reloaded assembly
- Completed reload, in  2.596 seconds
Platform modules already initialized, skipping
Refreshing native plugins compatible for Editor in 0.44 ms, found 0 plugins.
Preloading 0 native plugins for Editor in 0.00 ms.
Unloading 1724 Unused Serialized files (Serialized files now loaded: 0)
System memory in use before: 83.4 MB.
System memory in use after: 83.5 MB.

Unloading 6 unused Assets to reduce memory usage. Loaded Objects now: 2241.
Total: 7.394600 ms (FindLiveObjects: 0.232600 ms CreateObjectMapping: 0.087500 ms MarkObjects: 6.801900 ms  DeleteObjects: 0.270400 ms)

========================================================================
Received Prepare
Registering precompiled user dll's ...
Registered in 0.000835 seconds.
Begin MonoManager ReloadAssembly
Native extension for LinuxStandalone target not found
Native extension for WindowsStandalone target not found
Native extension for OSXStandalone target not found
Native extension for WebGL target not found
Refreshing native plugins compatible for Editor in 0.33 ms, found 0 plugins.
Preloading 0 native plugins for Editor in 0.00 ms.
Warning: Annotation not found!
UnityEngine.StackTraceUtility:ExtractStackTrace ()
UnityEditor.ProBuilder.EditorUtility:SetGizmoIconEnabled (System.Type,bool) (at Library/PackageCache/com.unity.probuilder@4.5.0/Editor/EditorCore/EditorUtility.cs:593)
UnityEditor.ProBuilder.HierarchyListener:.cctor () (at Library/PackageCache/com.unity.probuilder@4.5.0/Editor/EditorCore/HierarchyListener.cs:21)
System.Runtime.CompilerServices.RuntimeHelpers:RunClassConstructor (System.RuntimeTypeHandle)
UnityEditor.EditorAssemblies:ProcessInitializeOnLoadAttributes (System.Type[])

[Library/PackageCache/com.unity.probuilder@4.5.0/Editor/EditorCore/EditorUtility.cs line 593]

Invoked RoslynAnalysisRunner static constructor.
RoslynAnalysisRunner will not be running.
RoslynAnalysisRunner has terminated.
Mono: successfully reloaded assembly
- Completed reload, in  1.727 seconds
Platform modules already initialized, skipping
Refreshing native plugins compatible for Editor in 0.32 ms, found 0 plugins.
Preloading 0 native plugins for Editor in 0.00 ms.
Unloading 1723 Unused Serialized files (Serialized files now loaded: 0)
System memory in use before: 83.4 MB.
System memory in use after: 83.5 MB.

Unloading 6 unused Assets to reduce memory usage. Loaded Objects now: 2244.
Total: 7.355600 ms (FindLiveObjects: 1.432700 ms CreateObjectMapping: 0.829300 ms MarkObjects: 5.006900 ms  DeleteObjects: 0.084200 ms)

========================================================================
Received Import Request.
  Time since last request: 871.820805 seconds.
  path: Assets/Scripts/Player
  artifactKey: Guid(99270c2dd7bdf234b9eabce152ce7216) Importer(815301076,1909f56bfc062723c751e8b465ee728b)
Start importing Assets/Scripts/Player using Guid(99270c2dd7bdf234b9eabce152ce7216) Importer(815301076,1909f56bfc062723c751e8b465ee728b)  -> (artifact id: 'c0ed26b8386bfc7b7173617a5ff06d00') in 0.022001 seconds
  Import took 0.027709 seconds .

========================================================================
Received Import Request.
  Time since last request: 0.672878 seconds.
  path: Assets/Scripts/Player/PlayerController.cs
  artifactKey: Guid(5d7c990ec15048443b55466209c8e6c4) Importer(815301076,1909f56bfc062723c751e8b465ee728b)
Start importing Assets/Scripts/Player/PlayerController.cs using Guid(5d7c990ec15048443b55466209c8e6c4) Importer(815301076,1909f56bfc062723c751e8b465ee728b)  -> (artifact id: '9dc9b3ae2bbbcf13a191d28284e58bd4') in 0.118353 seconds
  Import took 0.123182 seconds .

AssetImportWorkerClient::OnTransportError - code=2 error=End of file
